<?xml version="1.0" encoding="UTF-8"?>
<robot generator="Robot 3.1.2 (Python 3.7.3 on win32)" generated="20200302 00:20:47.489" rpa="false">
<suite id="s1" name="VTiger" source="F:\selenium\RobotFrameWork\VTiger">
<suite id="s1-s1" name="TestCase" source="F:\selenium\RobotFrameWork\VTiger\TestCase">
<suite id="s1-s1-s1" name="OrganisationTest" source="F:\selenium\RobotFrameWork\VTiger\TestCase\OrganisationTest.robot">
<kw name="Open My Browser" library="LoginKeyword" type="setup">
<arguments>
<arg>${url}</arg>
<arg>${browser}</arg>
</arguments>
<kw name="Open Browser" library="SeleniumLibrary">
<doc>Opens a new browser instance to the optional ``url``.</doc>
<arguments>
<arg>${siteUrl}</arg>
<arg>${siteBrowser}</arg>
</arguments>
<msg timestamp="20200302 00:20:47.890" level="INFO">Opening browser 'Chrome' to base url 'http://localhost:8888/'.</msg>
<status status="PASS" starttime="20200302 00:20:47.890" endtime="20200302 00:20:54.261"></status>
</kw>
<kw name="Maximize Browser Window" library="SeleniumLibrary">
<doc>Maximizes current browser window.</doc>
<status status="PASS" starttime="20200302 00:20:54.262" endtime="20200302 00:20:58.398"></status>
</kw>
<kw name="Set Browser Implicit Wait" library="SeleniumLibrary">
<doc>Sets the implicit wait value used by Selenium.</doc>
<arguments>
<arg>10 seconds</arg>
</arguments>
<status status="PASS" starttime="20200302 00:20:58.398" endtime="20200302 00:20:58.398"></status>
</kw>
<status status="PASS" starttime="20200302 00:20:47.890" endtime="20200302 00:20:58.398"></status>
</kw>
<test id="s1-s1-s1-t1" name="Create Organisation">
<kw name="Login Process" library="LoginKeyword" type="setup">
<arguments>
<arg>${username}</arg>
<arg>${password}</arg>
</arguments>
<kw name="Input Text" library="SeleniumLibrary">
<doc>Types the given ``text`` into the text field identified by ``locator``.</doc>
<arguments>
<arg>${text_username}</arg>
<arg>${username}</arg>
</arguments>
<msg timestamp="20200302 00:20:58.407" level="INFO">Typing text 'admin' into text field 'name:user_name'.</msg>
<status status="PASS" starttime="20200302 00:20:58.407" endtime="20200302 00:20:58.511"></status>
</kw>
<kw name="Input Text" library="SeleniumLibrary">
<doc>Types the given ``text`` into the text field identified by ``locator``.</doc>
<arguments>
<arg>${text_password}</arg>
<arg>${password}</arg>
</arguments>
<msg timestamp="20200302 00:20:58.512" level="INFO">Typing text 'admin' into text field 'name:user_password'.</msg>
<status status="PASS" starttime="20200302 00:20:58.511" endtime="20200302 00:20:58.635"></status>
</kw>
<kw name="Click Element" library="SeleniumLibrary">
<doc>Click the element identified by ``locator``.</doc>
<arguments>
<arg>${loginButton}</arg>
</arguments>
<msg timestamp="20200302 00:20:58.637" level="INFO">Clicking element 'id:submitButton'.</msg>
<status status="PASS" starttime="20200302 00:20:58.636" endtime="20200302 00:21:02.127"></status>
</kw>
<status status="PASS" starttime="20200302 00:20:58.406" endtime="20200302 00:21:02.128"></status>
</kw>
<kw name="Click on Organisation" library="HomeKeyword">
<kw name="Click Element" library="SeleniumLibrary">
<doc>Click the element identified by ``locator``.</doc>
<arguments>
<arg>${organisation_button}</arg>
</arguments>
<msg timestamp="20200302 00:21:02.130" level="INFO">Clicking element 'xpath://a[text()='Organizations']'.</msg>
<status status="PASS" starttime="20200302 00:21:02.129" endtime="20200302 00:21:06.787"></status>
</kw>
<status status="PASS" starttime="20200302 00:21:02.128" endtime="20200302 00:21:06.788"></status>
</kw>
<kw name="Click On add Button" library="OrganisationKeyword">
<kw name="Click Element" library="SeleniumLibrary">
<doc>Click the element identified by ``locator``.</doc>
<arguments>
<arg>${add_organisation_button}</arg>
</arguments>
<msg timestamp="20200302 00:21:06.791" level="INFO">Clicking element 'xpath://img[@title='Create Organization...']'.</msg>
<status status="PASS" starttime="20200302 00:21:06.790" endtime="20200302 00:21:08.724"></status>
</kw>
<status status="PASS" starttime="20200302 00:21:06.788" endtime="20200302 00:21:08.725"></status>
</kw>
<kw name="Enter Organisation Name" library="OrganisationKeyword">
<arguments>
<arg>${organisationName}</arg>
</arguments>
<kw name="Input Text" library="SeleniumLibrary">
<doc>Types the given ``text`` into the text field identified by ``locator``.</doc>
<arguments>
<arg>${text_organisation_name}</arg>
<arg>${organisationName}</arg>
</arguments>
<msg timestamp="20200302 00:21:08.729" level="INFO">Typing text 'TestYantra' into text field 'name:accountname'.</msg>
<status status="PASS" starttime="20200302 00:21:08.728" endtime="20200302 00:21:08.933"></status>
</kw>
<status status="PASS" starttime="20200302 00:21:08.726" endtime="20200302 00:21:08.934"></status>
</kw>
<kw name="Click On Save Button" library="OrganisationKeyword">
<kw name="Click Element" library="SeleniumLibrary">
<doc>Click the element identified by ``locator``.</doc>
<arguments>
<arg>${save_button}</arg>
</arguments>
<msg timestamp="20200302 00:21:08.937" level="INFO">Clicking element 'xpath://input[@value='  Save  ']'.</msg>
<status status="PASS" starttime="20200302 00:21:08.936" endtime="20200302 00:21:09.027"></status>
</kw>
<status status="PASS" starttime="20200302 00:21:08.935" endtime="20200302 00:21:09.028"></status>
</kw>
<kw name="Logout Process" library="LoginKeyword" type="teardown">
<kw name="Mouse Over" library="SeleniumLibrary">
<doc>Simulates hovering the mouse over the element ``locator``.</doc>
<arguments>
<arg>${adminstrator}</arg>
</arguments>
<msg timestamp="20200302 00:21:09.030" level="INFO">Simulating Mouse Over on element 'xpath://img[@src='themes/softed/images/user.PNG']'.</msg>
<status status="PASS" starttime="20200302 00:21:09.029" endtime="20200302 00:21:09.616"></status>
</kw>
<kw name="Click Element" library="SeleniumLibrary">
<doc>Click the element identified by ``locator``.</doc>
<arguments>
<arg>${logoutButton}</arg>
</arguments>
<msg timestamp="20200302 00:21:09.618" level="INFO">Clicking element 'xpath://a[text()='Sign Out']'.</msg>
<kw name="Capture Page Screenshot" library="SeleniumLibrary">
<doc>Takes a screenshot of the current page and embeds it into a log file.</doc>
<msg timestamp="20200302 00:21:10.009" level="INFO" html="yes">&lt;/td&gt;&lt;/tr&gt;&lt;tr&gt;&lt;td colspan="3"&gt;&lt;a href="selenium-screenshot-3.png"&gt;&lt;img src="selenium-screenshot-3.png" width="800px"&gt;&lt;/a&gt;</msg>
<status status="PASS" starttime="20200302 00:21:09.624" endtime="20200302 00:21:10.009"></status>
</kw>
<msg timestamp="20200302 00:21:10.013" level="FAIL">UnexpectedAlertPresentException: Alert Text: Organization Name Already Exists!
Message: unexpected alert open: {Alert text : Organization Name Already Exists!}
  (Session info: chrome=80.0.3987.122)
</msg>
<status status="FAIL" starttime="20200302 00:21:09.617" endtime="20200302 00:21:10.013"></status>
</kw>
<status status="FAIL" starttime="20200302 00:21:09.028" endtime="20200302 00:21:10.014">UnexpectedAlertPresentException: Alert Text: Organization Name Already Exists!
Message: unexpected alert open: {Alert text : Organization Name Already Exists!}
  (Session info: chrome=80.0.3987.122)
</status>
</kw>
<status status="FAIL" starttime="20200302 00:20:58.398" endtime="20200302 00:21:10.014" critical="yes">Teardown failed:
UnexpectedAlertPresentException: Alert Text: Organization Name Already Exists!
Message: unexpected alert open: {Alert text : Organization Name Already Exists!}
  (Session info: chrome=80.0.3987.122)
</status>
</test>
<kw name="Close My browser" library="LoginKeyword" type="teardown">
<kw name="Close Browser" library="SeleniumLibrary">
<doc>Closes the current browser.</doc>
<status status="PASS" starttime="20200302 00:21:10.017" endtime="20200302 00:21:12.304"></status>
</kw>
<status status="PASS" starttime="20200302 00:21:10.016" endtime="20200302 00:21:12.304"></status>
</kw>
<status status="FAIL" starttime="20200302 00:20:47.558" endtime="20200302 00:21:12.304"></status>
</suite>
<status status="FAIL" starttime="20200302 00:20:47.558" endtime="20200302 00:21:12.314"></status>
</suite>
<status status="FAIL" starttime="20200302 00:20:47.520" endtime="20200302 00:21:12.314"></status>
</suite>
<statistics>
<total>
<stat pass="0" fail="1">Critical Tests</stat>
<stat pass="0" fail="1">All Tests</stat>
</total>
<tag>
</tag>
<suite>
<stat pass="0" fail="1" id="s1" name="VTiger">VTiger</stat>
<stat pass="0" fail="1" id="s1-s1" name="TestCase">VTiger.TestCase</stat>
<stat pass="0" fail="1" id="s1-s1-s1" name="OrganisationTest">VTiger.TestCase.OrganisationTest</stat>
</suite>
</statistics>
<errors>
</errors>
</robot>
